d:\c++miniproject\build\_deps\sfml-build\src\sfml\graphics\sfml-graphics.dir\debug\vc142.pdb
d:\c++miniproject\build\_deps\sfml-build\src\sfml\graphics\sfml-graphics.dir\debug\shape.obj
d:\c++miniproject\build\_deps\sfml-build\src\sfml\graphics\sfml-graphics.dir\debug\vertex.obj
d:\c++miniproject\build\_deps\sfml-build\src\sfml\graphics\sfml-graphics.dir\debug\view.obj
d:\c++miniproject\build\_deps\sfml-build\src\sfml\graphics\sfml-graphics.dir\debug\transformable.obj
d:\c++miniproject\build\_deps\sfml-build\src\sfml\graphics\sfml-graphics.dir\debug\transform.obj
d:\c++miniproject\build\_deps\sfml-build\src\sfml\graphics\sfml-graphics.dir\debug\texturesaver.obj
d:\c++miniproject\build\_deps\sfml-build\src\sfml\graphics\sfml-graphics.dir\debug\texture.obj
d:\c++miniproject\build\_deps\sfml-build\src\sfml\graphics\sfml-graphics.dir\debug\shader.obj
d:\c++miniproject\build\_deps\sfml-build\src\sfml\graphics\sfml-graphics.dir\debug\renderwindow.obj
d:\c++miniproject\build\_deps\sfml-build\src\sfml\graphics\sfml-graphics.dir\debug\rendertarget.obj
d:\c++miniproject\build\_deps\sfml-build\src\sfml\graphics\sfml-graphics.dir\debug\rendertexture.obj
d:\c++miniproject\build\_deps\sfml-build\src\sfml\graphics\sfml-graphics.dir\debug\renderstates.obj
d:\c++miniproject\build\_deps\sfml-build\src\sfml\graphics\sfml-graphics.dir\debug\imageloader.obj
d:\c++miniproject\build\_deps\sfml-build\src\sfml\graphics\sfml-graphics.dir\debug\image.obj
d:\c++miniproject\build\_deps\sfml-build\src\sfml\graphics\sfml-graphics.dir\debug\glextensions.obj
d:\c++miniproject\build\_deps\sfml-build\src\sfml\graphics\sfml-graphics.dir\debug\glcheck.obj
d:\c++miniproject\build\_deps\sfml-build\src\sfml\graphics\sfml-graphics.dir\debug\glsl.obj
d:\c++miniproject\build\_deps\sfml-build\src\sfml\graphics\sfml-graphics.dir\debug\font.obj
d:\c++miniproject\build\_deps\sfml-build\src\sfml\graphics\sfml-graphics.dir\debug\color.obj
d:\c++miniproject\build\_deps\sfml-build\src\sfml\graphics\sfml-graphics.dir\debug\blendmode.obj
d:\c++miniproject\build\_deps\sfml-build\src\sfml\graphics\sfml-graphics.dir\debug\rendertextureimpldefault.obj
d:\c++miniproject\build\_deps\sfml-build\src\sfml\graphics\sfml-graphics.dir\debug\rendertextureimplfbo.obj
d:\c++miniproject\build\_deps\sfml-build\src\sfml\graphics\sfml-graphics.dir\debug\rendertextureimpl.obj
d:\c++miniproject\build\_deps\sfml-build\src\sfml\graphics\sfml-graphics.dir\debug\vertexbuffer.obj
d:\c++miniproject\build\_deps\sfml-build\src\sfml\graphics\sfml-graphics.dir\debug\vertexarray.obj
d:\c++miniproject\build\_deps\sfml-build\src\sfml\graphics\sfml-graphics.dir\debug\text.obj
d:\c++miniproject\build\_deps\sfml-build\src\sfml\graphics\sfml-graphics.dir\debug\sprite.obj
d:\c++miniproject\build\_deps\sfml-build\src\sfml\graphics\sfml-graphics.dir\debug\convexshape.obj
d:\c++miniproject\build\_deps\sfml-build\src\sfml\graphics\sfml-graphics.dir\debug\rectangleshape.obj
d:\c++miniproject\build\_deps\sfml-build\src\sfml\graphics\sfml-graphics.dir\debug\circleshape.obj
d:\c++miniproject\build\_deps\sfml-build\src\sfml\graphics\cmakefiles\generate.stamp
d:\c++miniproject\build\_deps\sfml-build\src\sfml\graphics\sfml-graphics.dir\debug\sfml-graphics-d-2.ilk
d:\c++miniproject\build\_deps\sfml-build\lib\debug\sfml-graphics-d-2.dll
d:\c++miniproject\build\_deps\sfml-build\lib\debug\sfml-graphics.pdb
d:\c++miniproject\build\_deps\sfml-build\src\sfml\graphics\sfml-graphics.dir\debug\sfml-graphics.res
d:\c++miniproject\build\_deps\sfml-build\lib\debug\sfml-graphics-d.lib
d:\c++miniproject\build\_deps\sfml-build\lib\debug\sfml-graphics-d.exp
d:\c++miniproject\build\_deps\sfml-build\src\sfml\graphics\sfml-graphics.dir\debug\sfml-graphics.tlog\cl.command.1.tlog
d:\c++miniproject\build\_deps\sfml-build\src\sfml\graphics\sfml-graphics.dir\debug\sfml-graphics.tlog\cl.read.1.tlog
d:\c++miniproject\build\_deps\sfml-build\src\sfml\graphics\sfml-graphics.dir\debug\sfml-graphics.tlog\cl.write.1.tlog
d:\c++miniproject\build\_deps\sfml-build\src\sfml\graphics\sfml-graphics.dir\debug\sfml-graphics.tlog\custombuild.command.1.tlog
d:\c++miniproject\build\_deps\sfml-build\src\sfml\graphics\sfml-graphics.dir\debug\sfml-graphics.tlog\custombuild.read.1.tlog
d:\c++miniproject\build\_deps\sfml-build\src\sfml\graphics\sfml-graphics.dir\debug\sfml-graphics.tlog\custombuild.write.1.tlog
d:\c++miniproject\build\_deps\sfml-build\src\sfml\graphics\sfml-graphics.dir\debug\sfml-graphics.tlog\link.command.1.tlog
d:\c++miniproject\build\_deps\sfml-build\src\sfml\graphics\sfml-graphics.dir\debug\sfml-graphics.tlog\link.read.1.tlog
d:\c++miniproject\build\_deps\sfml-build\src\sfml\graphics\sfml-graphics.dir\debug\sfml-graphics.tlog\link.write.1.tlog
d:\c++miniproject\build\_deps\sfml-build\src\sfml\graphics\sfml-graphics.dir\debug\sfml-graphics.tlog\rc.command.1.tlog
d:\c++miniproject\build\_deps\sfml-build\src\sfml\graphics\sfml-graphics.dir\debug\sfml-graphics.tlog\rc.read.1.tlog
d:\c++miniproject\build\_deps\sfml-build\src\sfml\graphics\sfml-graphics.dir\debug\sfml-graphics.tlog\rc.write.1.tlog
d:\c++miniproject\build\_deps\sfml-build\src\sfml\graphics\sfml-graphics.dir\debug\sfml-graphics.tlog\sfml-graphics.write.1u.tlog
