d:\c++miniproject\build\_deps\sfml-build\src\sfml\network\sfml-network.dir\debug\vc142.pdb
d:\c++miniproject\build\_deps\sfml-build\src\sfml\network\sfml-network.dir\debug\socketimpl.obj
d:\c++miniproject\build\_deps\sfml-build\src\sfml\network\sfml-network.dir\debug\udpsocket.obj
d:\c++miniproject\build\_deps\sfml-build\src\sfml\network\sfml-network.dir\debug\tcpsocket.obj
d:\c++miniproject\build\_deps\sfml-build\src\sfml\network\sfml-network.dir\debug\tcplistener.obj
d:\c++miniproject\build\_deps\sfml-build\src\sfml\network\sfml-network.dir\debug\socketselector.obj
d:\c++miniproject\build\_deps\sfml-build\src\sfml\network\sfml-network.dir\debug\socket.obj
d:\c++miniproject\build\_deps\sfml-build\src\sfml\network\sfml-network.dir\debug\packet.obj
d:\c++miniproject\build\_deps\sfml-build\src\sfml\network\sfml-network.dir\debug\ipaddress.obj
d:\c++miniproject\build\_deps\sfml-build\src\sfml\network\sfml-network.dir\debug\http.obj
d:\c++miniproject\build\_deps\sfml-build\src\sfml\network\sfml-network.dir\debug\ftp.obj
d:\c++miniproject\build\_deps\sfml-build\src\sfml\network\cmakefiles\generate.stamp
d:\c++miniproject\build\_deps\sfml-build\src\sfml\network\sfml-network.dir\debug\sfml-network-d-2.ilk
d:\c++miniproject\build\_deps\sfml-build\lib\debug\sfml-network-d-2.dll
d:\c++miniproject\build\_deps\sfml-build\lib\debug\sfml-network.pdb
d:\c++miniproject\build\_deps\sfml-build\src\sfml\network\sfml-network.dir\debug\sfml-network.res
d:\c++miniproject\build\_deps\sfml-build\lib\debug\sfml-network-d.lib
d:\c++miniproject\build\_deps\sfml-build\lib\debug\sfml-network-d.exp
d:\c++miniproject\build\_deps\sfml-build\src\sfml\network\sfml-network.dir\debug\sfml-network.tlog\cl.command.1.tlog
d:\c++miniproject\build\_deps\sfml-build\src\sfml\network\sfml-network.dir\debug\sfml-network.tlog\cl.read.1.tlog
d:\c++miniproject\build\_deps\sfml-build\src\sfml\network\sfml-network.dir\debug\sfml-network.tlog\cl.write.1.tlog
d:\c++miniproject\build\_deps\sfml-build\src\sfml\network\sfml-network.dir\debug\sfml-network.tlog\custombuild.command.1.tlog
d:\c++miniproject\build\_deps\sfml-build\src\sfml\network\sfml-network.dir\debug\sfml-network.tlog\custombuild.read.1.tlog
d:\c++miniproject\build\_deps\sfml-build\src\sfml\network\sfml-network.dir\debug\sfml-network.tlog\custombuild.write.1.tlog
d:\c++miniproject\build\_deps\sfml-build\src\sfml\network\sfml-network.dir\debug\sfml-network.tlog\link.command.1.tlog
d:\c++miniproject\build\_deps\sfml-build\src\sfml\network\sfml-network.dir\debug\sfml-network.tlog\link.read.1.tlog
d:\c++miniproject\build\_deps\sfml-build\src\sfml\network\sfml-network.dir\debug\sfml-network.tlog\link.write.1.tlog
d:\c++miniproject\build\_deps\sfml-build\src\sfml\network\sfml-network.dir\debug\sfml-network.tlog\rc.command.1.tlog
d:\c++miniproject\build\_deps\sfml-build\src\sfml\network\sfml-network.dir\debug\sfml-network.tlog\rc.read.1.tlog
d:\c++miniproject\build\_deps\sfml-build\src\sfml\network\sfml-network.dir\debug\sfml-network.tlog\rc.write.1.tlog
d:\c++miniproject\build\_deps\sfml-build\src\sfml\network\sfml-network.dir\debug\sfml-network.tlog\sfml-network.write.1u.tlog
