d:\c++miniproject\build\_deps\sfml-build\src\sfml\window\sfml-window.dir\debug\vc142.pdb
d:\c++miniproject\build\_deps\sfml-build\src\sfml\window\sfml-window.dir\debug\inputimpl.obj
d:\c++miniproject\build\_deps\sfml-build\src\sfml\window\sfml-window.dir\debug\clipboardimpl.obj
d:\c++miniproject\build\_deps\sfml-build\src\sfml\window\sfml-window.dir\debug\cursorimpl.obj
d:\c++miniproject\build\_deps\sfml-build\src\sfml\window\sfml-window.dir\debug\windowimpl.obj
d:\c++miniproject\build\_deps\sfml-build\src\sfml\window\sfml-window.dir\debug\windowbase.obj
d:\c++miniproject\build\_deps\sfml-build\src\sfml\window\sfml-window.dir\debug\window.obj
d:\c++miniproject\build\_deps\sfml-build\src\sfml\window\sfml-window.dir\debug\vulkan.obj
d:\c++miniproject\build\_deps\sfml-build\src\sfml\window\sfml-window.dir\debug\videomode.obj
d:\c++miniproject\build\_deps\sfml-build\src\sfml\window\sfml-window.dir\debug\sensormanager.obj
d:\c++miniproject\build\_deps\sfml-build\src\sfml\window\sfml-window.dir\debug\sensor.obj
d:\c++miniproject\build\_deps\sfml-build\src\sfml\window\sfml-window.dir\debug\touch.obj
d:\c++miniproject\build\_deps\sfml-build\src\sfml\window\sfml-window.dir\debug\mouse.obj
d:\c++miniproject\build\_deps\sfml-build\src\sfml\window\sfml-window.dir\debug\keyboard.obj
d:\c++miniproject\build\_deps\sfml-build\src\sfml\window\sfml-window.dir\debug\joystickmanager.obj
d:\c++miniproject\build\_deps\sfml-build\src\sfml\window\sfml-window.dir\debug\joystick.obj
d:\c++miniproject\build\_deps\sfml-build\src\sfml\window\sfml-window.dir\debug\glresource.obj
d:\c++miniproject\build\_deps\sfml-build\src\sfml\window\sfml-window.dir\debug\glcontext.obj
d:\c++miniproject\build\_deps\sfml-build\src\sfml\window\sfml-window.dir\debug\cursor.obj
d:\c++miniproject\build\_deps\sfml-build\src\sfml\window\sfml-window.dir\debug\context.obj
d:\c++miniproject\build\_deps\sfml-build\src\sfml\window\sfml-window.dir\debug\clipboard.obj
d:\c++miniproject\build\_deps\sfml-build\src\sfml\window\sfml-window.dir\debug\wglcontext.obj
d:\c++miniproject\build\_deps\sfml-build\src\sfml\window\sfml-window.dir\debug\windowimplwin32.obj
d:\c++miniproject\build\_deps\sfml-build\src\sfml\window\sfml-window.dir\debug\vulkanimplwin32.obj
d:\c++miniproject\build\_deps\sfml-build\src\sfml\window\sfml-window.dir\debug\videomodeimpl.obj
d:\c++miniproject\build\_deps\sfml-build\src\sfml\window\sfml-window.dir\debug\sensorimpl.obj
d:\c++miniproject\build\_deps\sfml-build\src\sfml\window\sfml-window.dir\debug\joystickimpl.obj
d:\c++miniproject\build\_deps\sfml-build\src\sfml\window\cmakefiles\generate.stamp
d:\c++miniproject\build\_deps\sfml-build\src\sfml\window\sfml-window.dir\debug\sfml-window-d-2.ilk
d:\c++miniproject\build\_deps\sfml-build\lib\debug\sfml-window-d-2.dll
d:\c++miniproject\build\_deps\sfml-build\lib\debug\sfml-window.pdb
d:\c++miniproject\build\_deps\sfml-build\src\sfml\window\sfml-window.dir\debug\sfml-window.res
d:\c++miniproject\build\_deps\sfml-build\lib\debug\sfml-window-d.lib
d:\c++miniproject\build\_deps\sfml-build\lib\debug\sfml-window-d.exp
d:\c++miniproject\build\_deps\sfml-build\src\sfml\window\sfml-window.dir\debug\sfml-window.tlog\cl.command.1.tlog
d:\c++miniproject\build\_deps\sfml-build\src\sfml\window\sfml-window.dir\debug\sfml-window.tlog\cl.read.1.tlog
d:\c++miniproject\build\_deps\sfml-build\src\sfml\window\sfml-window.dir\debug\sfml-window.tlog\cl.write.1.tlog
d:\c++miniproject\build\_deps\sfml-build\src\sfml\window\sfml-window.dir\debug\sfml-window.tlog\custombuild.command.1.tlog
d:\c++miniproject\build\_deps\sfml-build\src\sfml\window\sfml-window.dir\debug\sfml-window.tlog\custombuild.read.1.tlog
d:\c++miniproject\build\_deps\sfml-build\src\sfml\window\sfml-window.dir\debug\sfml-window.tlog\custombuild.write.1.tlog
d:\c++miniproject\build\_deps\sfml-build\src\sfml\window\sfml-window.dir\debug\sfml-window.tlog\link.command.1.tlog
d:\c++miniproject\build\_deps\sfml-build\src\sfml\window\sfml-window.dir\debug\sfml-window.tlog\link.read.1.tlog
d:\c++miniproject\build\_deps\sfml-build\src\sfml\window\sfml-window.dir\debug\sfml-window.tlog\link.write.1.tlog
d:\c++miniproject\build\_deps\sfml-build\src\sfml\window\sfml-window.dir\debug\sfml-window.tlog\rc.command.1.tlog
d:\c++miniproject\build\_deps\sfml-build\src\sfml\window\sfml-window.dir\debug\sfml-window.tlog\rc.read.1.tlog
d:\c++miniproject\build\_deps\sfml-build\src\sfml\window\sfml-window.dir\debug\sfml-window.tlog\rc.write.1.tlog
d:\c++miniproject\build\_deps\sfml-build\src\sfml\window\sfml-window.dir\debug\sfml-window.tlog\sfml-window.write.1u.tlog
