d:\c++miniproject\build\_deps\sfml-build\src\sfml\audio\sfml-audio.dir\debug\vc142.pdb
d:\c++miniproject\build\_deps\sfml-build\src\sfml\audio\sfml-audio.dir\debug\soundfilewriterogg.obj
d:\c++miniproject\build\_deps\sfml-build\src\sfml\audio\sfml-audio.dir\debug\soundfilewriterflac.obj
d:\c++miniproject\build\_deps\sfml-build\src\sfml\audio\sfml-audio.dir\debug\soundfilereaderwav.obj
d:\c++miniproject\build\_deps\sfml-build\src\sfml\audio\sfml-audio.dir\debug\soundfilereaderogg.obj
d:\c++miniproject\build\_deps\sfml-build\src\sfml\audio\sfml-audio.dir\debug\soundfilereadermp3.obj
d:\c++miniproject\build\_deps\sfml-build\src\sfml\audio\sfml-audio.dir\debug\soundfilereaderflac.obj
d:\c++miniproject\build\_deps\sfml-build\src\sfml\audio\sfml-audio.dir\debug\soundfilefactory.obj
d:\c++miniproject\build\_deps\sfml-build\src\sfml\audio\sfml-audio.dir\debug\soundstream.obj
d:\c++miniproject\build\_deps\sfml-build\src\sfml\audio\sfml-audio.dir\debug\soundsource.obj
d:\c++miniproject\build\_deps\sfml-build\src\sfml\audio\sfml-audio.dir\debug\soundrecorder.obj
d:\c++miniproject\build\_deps\sfml-build\src\sfml\audio\sfml-audio.dir\debug\outputsoundfile.obj
d:\c++miniproject\build\_deps\sfml-build\src\sfml\audio\sfml-audio.dir\debug\inputsoundfile.obj
d:\c++miniproject\build\_deps\sfml-build\src\sfml\audio\sfml-audio.dir\debug\soundbufferrecorder.obj
d:\c++miniproject\build\_deps\sfml-build\src\sfml\audio\sfml-audio.dir\debug\soundbuffer.obj
d:\c++miniproject\build\_deps\sfml-build\src\sfml\audio\sfml-audio.dir\debug\sound.obj
d:\c++miniproject\build\_deps\sfml-build\src\sfml\audio\sfml-audio.dir\debug\music.obj
d:\c++miniproject\build\_deps\sfml-build\src\sfml\audio\sfml-audio.dir\debug\listener.obj
d:\c++miniproject\build\_deps\sfml-build\src\sfml\audio\sfml-audio.dir\debug\audiodevice.obj
d:\c++miniproject\build\_deps\sfml-build\src\sfml\audio\sfml-audio.dir\debug\alresource.obj
d:\c++miniproject\build\_deps\sfml-build\src\sfml\audio\sfml-audio.dir\debug\alcheck.obj
d:\c++miniproject\build\_deps\sfml-build\src\sfml\audio\sfml-audio.dir\debug\soundfilewriterwav.obj
d:\c++miniproject\build\_deps\sfml-build\src\sfml\audio\cmakefiles\generate.stamp
d:\c++miniproject\build\_deps\sfml-build\src\sfml\audio\sfml-audio.dir\debug\sfml-audio-d-2.ilk
d:\c++miniproject\build\_deps\sfml-build\lib\debug\sfml-audio-d-2.dll
d:\c++miniproject\build\_deps\sfml-build\lib\debug\sfml-audio.pdb
d:\c++miniproject\build\_deps\sfml-build\src\sfml\audio\sfml-audio.dir\debug\sfml-audio.res
d:\c++miniproject\build\_deps\sfml-build\lib\debug\sfml-audio-d.lib
d:\c++miniproject\build\_deps\sfml-build\lib\debug\sfml-audio-d.exp
d:\c++miniproject\build\_deps\sfml-build\src\sfml\audio\sfml-audio.dir\debug\sfml-audio.tlog\cl.command.1.tlog
d:\c++miniproject\build\_deps\sfml-build\src\sfml\audio\sfml-audio.dir\debug\sfml-audio.tlog\cl.read.1.tlog
d:\c++miniproject\build\_deps\sfml-build\src\sfml\audio\sfml-audio.dir\debug\sfml-audio.tlog\cl.write.1.tlog
d:\c++miniproject\build\_deps\sfml-build\src\sfml\audio\sfml-audio.dir\debug\sfml-audio.tlog\custombuild.command.1.tlog
d:\c++miniproject\build\_deps\sfml-build\src\sfml\audio\sfml-audio.dir\debug\sfml-audio.tlog\custombuild.read.1.tlog
d:\c++miniproject\build\_deps\sfml-build\src\sfml\audio\sfml-audio.dir\debug\sfml-audio.tlog\custombuild.write.1.tlog
d:\c++miniproject\build\_deps\sfml-build\src\sfml\audio\sfml-audio.dir\debug\sfml-audio.tlog\link.command.1.tlog
d:\c++miniproject\build\_deps\sfml-build\src\sfml\audio\sfml-audio.dir\debug\sfml-audio.tlog\link.read.1.tlog
d:\c++miniproject\build\_deps\sfml-build\src\sfml\audio\sfml-audio.dir\debug\sfml-audio.tlog\link.write.1.tlog
d:\c++miniproject\build\_deps\sfml-build\src\sfml\audio\sfml-audio.dir\debug\sfml-audio.tlog\rc.command.1.tlog
d:\c++miniproject\build\_deps\sfml-build\src\sfml\audio\sfml-audio.dir\debug\sfml-audio.tlog\rc.read.1.tlog
d:\c++miniproject\build\_deps\sfml-build\src\sfml\audio\sfml-audio.dir\debug\sfml-audio.tlog\rc.write.1.tlog
d:\c++miniproject\build\_deps\sfml-build\src\sfml\audio\sfml-audio.dir\debug\sfml-audio.tlog\sfml-audio.write.1u.tlog
