d:\c++miniproject\build\racinggame.dir\debug\vc142.pdb
d:\c++miniproject\build\racinggame.dir\debug\main.obj
d:\c++miniproject\build\racinggame.dir\debug\world.obj
d:\c++miniproject\build\racinggame.dir\debug\game.obj
d:\c++miniproject\build\racinggame.dir\debug\playercar.obj
d:\c++miniproject\build\racinggame.dir\debug\enemycar.obj
d:\c++miniproject\build\racinggame.dir\debug\aicontroller.obj
d:\c++miniproject\build\racinggame.dir\debug\resourcemanager.obj
d:\c++miniproject\build\cmakefiles\generate.stamp
d:\c++miniproject\build\racinggame.dir\debug\racinggame.ilk
d:\c++miniproject\build\debug\racinggame.exe
d:\c++miniproject\build\debug\racinggame.pdb
d:\c++miniproject\build\racinggame.dir\debug\racinggame.tlog\cl.command.1.tlog
d:\c++miniproject\build\racinggame.dir\debug\racinggame.tlog\cl.read.1.tlog
d:\c++miniproject\build\racinggame.dir\debug\racinggame.tlog\cl.write.1.tlog
d:\c++miniproject\build\racinggame.dir\debug\racinggame.tlog\custombuild.command.1.tlog
d:\c++miniproject\build\racinggame.dir\debug\racinggame.tlog\custombuild.read.1.tlog
d:\c++miniproject\build\racinggame.dir\debug\racinggame.tlog\custombuild.write.1.tlog
d:\c++miniproject\build\racinggame.dir\debug\racinggame.tlog\link.command.1.tlog
d:\c++miniproject\build\racinggame.dir\debug\racinggame.tlog\link.read.1.tlog
d:\c++miniproject\build\racinggame.dir\debug\racinggame.tlog\link.write.1.tlog
