d:\c++miniproject\build\_deps\sfml-build\src\sfml\system\sfml-system.dir\debug\vc142.pdb
d:\c++miniproject\build\_deps\sfml-build\src\sfml\system\sfml-system.dir\debug\threadlocalimpl.obj
d:\c++miniproject\build\_deps\sfml-build\src\sfml\system\sfml-system.dir\debug\threadimpl.obj
d:\c++miniproject\build\_deps\sfml-build\src\sfml\system\sfml-system.dir\debug\sleepimpl.obj
d:\c++miniproject\build\_deps\sfml-build\src\sfml\system\sfml-system.dir\debug\muteximpl.obj
d:\c++miniproject\build\_deps\sfml-build\src\sfml\system\sfml-system.dir\debug\clockimpl.obj
d:\c++miniproject\build\_deps\sfml-build\src\sfml\system\sfml-system.dir\debug\memoryinputstream.obj
d:\c++miniproject\build\_deps\sfml-build\src\sfml\system\sfml-system.dir\debug\fileinputstream.obj
d:\c++miniproject\build\_deps\sfml-build\src\sfml\system\sfml-system.dir\debug\time.obj
d:\c++miniproject\build\_deps\sfml-build\src\sfml\system\sfml-system.dir\debug\threadlocal.obj
d:\c++miniproject\build\_deps\sfml-build\src\sfml\system\sfml-system.dir\debug\thread.obj
d:\c++miniproject\build\_deps\sfml-build\src\sfml\system\sfml-system.dir\debug\string.obj
d:\c++miniproject\build\_deps\sfml-build\src\sfml\system\sfml-system.dir\debug\sleep.obj
d:\c++miniproject\build\_deps\sfml-build\src\sfml\system\sfml-system.dir\debug\mutex.obj
d:\c++miniproject\build\_deps\sfml-build\src\sfml\system\sfml-system.dir\debug\lock.obj
d:\c++miniproject\build\_deps\sfml-build\src\sfml\system\sfml-system.dir\debug\err.obj
d:\c++miniproject\build\_deps\sfml-build\src\sfml\system\sfml-system.dir\debug\clock.obj
d:\c++miniproject\build\_deps\sfml-build\src\sfml\system\cmakefiles\generate.stamp
d:\c++miniproject\build\_deps\sfml-build\src\sfml\system\sfml-system.dir\debug\sfml-system-d-2.ilk
d:\c++miniproject\build\_deps\sfml-build\lib\debug\sfml-system-d-2.dll
d:\c++miniproject\build\_deps\sfml-build\lib\debug\sfml-system.pdb
d:\c++miniproject\build\_deps\sfml-build\src\sfml\system\sfml-system.dir\debug\sfml-system.res
d:\c++miniproject\build\_deps\sfml-build\lib\debug\sfml-system-d.lib
d:\c++miniproject\build\_deps\sfml-build\lib\debug\sfml-system-d.exp
d:\c++miniproject\build\_deps\sfml-build\src\sfml\system\sfml-system.dir\debug\sfml-system.tlog\cl.command.1.tlog
d:\c++miniproject\build\_deps\sfml-build\src\sfml\system\sfml-system.dir\debug\sfml-system.tlog\cl.read.1.tlog
d:\c++miniproject\build\_deps\sfml-build\src\sfml\system\sfml-system.dir\debug\sfml-system.tlog\cl.write.1.tlog
d:\c++miniproject\build\_deps\sfml-build\src\sfml\system\sfml-system.dir\debug\sfml-system.tlog\custombuild.command.1.tlog
d:\c++miniproject\build\_deps\sfml-build\src\sfml\system\sfml-system.dir\debug\sfml-system.tlog\custombuild.read.1.tlog
d:\c++miniproject\build\_deps\sfml-build\src\sfml\system\sfml-system.dir\debug\sfml-system.tlog\custombuild.write.1.tlog
d:\c++miniproject\build\_deps\sfml-build\src\sfml\system\sfml-system.dir\debug\sfml-system.tlog\link.command.1.tlog
d:\c++miniproject\build\_deps\sfml-build\src\sfml\system\sfml-system.dir\debug\sfml-system.tlog\link.read.1.tlog
d:\c++miniproject\build\_deps\sfml-build\src\sfml\system\sfml-system.dir\debug\sfml-system.tlog\link.write.1.tlog
d:\c++miniproject\build\_deps\sfml-build\src\sfml\system\sfml-system.dir\debug\sfml-system.tlog\rc.command.1.tlog
d:\c++miniproject\build\_deps\sfml-build\src\sfml\system\sfml-system.dir\debug\sfml-system.tlog\rc.read.1.tlog
d:\c++miniproject\build\_deps\sfml-build\src\sfml\system\sfml-system.dir\debug\sfml-system.tlog\rc.write.1.tlog
d:\c++miniproject\build\_deps\sfml-build\src\sfml\system\sfml-system.dir\debug\sfml-system.tlog\sfml-system.write.1u.tlog
